<?xml version="1.0" encoding="UTF-8"?>
<!-- Generated by org.testng.reporters.JUnitXMLReporter -->
<testsuite hostname="LAPTOP-UC1U8QLD" ignored="0" name="BuyPhoneTest3-CH" tests="4" failures="0" timestamp="2020-12-29T11:56:59 EST" time="185.411" errors="0">
  <testcase name="buyPhoneAsGuestTest" time="31.939" classname="com.freedommobile.userstories.BuyPhoneTest"/>
  <testcase name="buyPhoneAsGuestTest" time="40.417" classname="com.freedommobile.userstories.BuyPhoneTest"/>
  <testcase name="buyPhoneAsGuestTest" time="42.585" classname="com.freedommobile.userstories.BuyPhoneTest"/>
  <testcase name="buyPhoneAsGuestTest" time="42.91" classname="com.freedommobile.userstories.BuyPhoneTest"/>
</testsuite> <!-- BuyPhoneTest3-CH -->
