<?xml version="1.0" encoding="UTF-8"?>
<!-- Generated by org.testng.reporters.JUnitXMLReporter -->
<testsuite hostname="LAPTOP-UC1U8QLD" ignored="0" name="BuyPhoneTest2-CH" tests="4" failures="0" timestamp="2020-12-29T11:56:58 EST" time="184.937" errors="0">
  <testcase name="buyPhoneAsGuestTest" time="31.098" classname="com.freedommobile.userstories.BuyPhoneTest"/>
  <testcase name="buyPhoneAsGuestTest" time="43.123" classname="com.freedommobile.userstories.BuyPhoneTest"/>
  <testcase name="buyPhoneAsGuestTest" time="42.588" classname="com.freedommobile.userstories.BuyPhoneTest"/>
  <testcase name="buyPhoneAsGuestTest" time="40.416" classname="com.freedommobile.userstories.BuyPhoneTest"/>
</testsuite> <!-- BuyPhoneTest2-CH -->
