<?xml version="1.0" encoding="UTF-8"?>
<!-- Generated by org.testng.reporters.JUnitXMLReporter -->
<testsuite hostname="LAPTOP-UC1U8QLD" ignored="0" name="BuyPhoneTest-CH" tests="4" failures="0" timestamp="2020-12-29T21:42:11 EST" time="143.38" errors="0">
  <testcase name="buyPhoneAsGuestTest" time="20.718" classname="com.freedommobile.userstories.BuyPhoneTest"/>
  <testcase name="buyPhoneAsGuestTest" time="26.094" classname="com.freedommobile.userstories.BuyPhoneTest"/>
  <testcase name="buyPhoneAsGuestTest" time="25.958" classname="com.freedommobile.userstories.BuyPhoneTest"/>
  <testcase name="buyPhoneAsGuestTest" time="24.231" classname="com.freedommobile.userstories.BuyPhoneTest"/>
</testsuite> <!-- BuyPhoneTest-CH -->
