<?xml version="1.0" encoding="UTF-8"?>
<!-- Generated by org.testng.reporters.JUnitXMLReporter -->
<testsuite hostname="LAPTOP-UC1U8QLD" ignored="0" name="BuyPhoneTest-FF" tests="5" failures="0" timestamp="2021-01-03T21:46:06 EST" time="196.259" errors="0">
  <testcase name="buyPhoneAsGuestTest" time="26.126" classname="com.freedommobile.userstories.BuyPhoneTest"/>
  <testcase name="buyPhoneAsGuestTest" time="30.334" classname="com.freedommobile.userstories.BuyPhoneTest"/>
  <testcase name="buyPhoneAsGuestTest" time="33.423" classname="com.freedommobile.userstories.BuyPhoneTest"/>
  <testcase name="buyPhoneAsGuestTest" time="25.918" classname="com.freedommobile.userstories.BuyPhoneTest"/>
  <testcase name="buyPhoneAsGuestTest" time="25.758" classname="com.freedommobile.userstories.BuyPhoneTest"/>
</testsuite> <!-- BuyPhoneTest-FF -->
