<?xml version="1.0" encoding="UTF-8"?>
<!-- Generated by org.testng.reporters.JUnitXMLReporter -->
<testsuite hostname="LAPTOP-UC1U8QLD" ignored="0" name="BuyPhoneTest-CH" tests="20" failures="0" timestamp="2020-12-30T18:14:56 EST" time="783.279" errors="0">
  <testcase name="buyPhoneAsGuestTest" time="24.392" classname="com.freedommobile.userstories.BuyPhoneTest"/>
  <testcase name="buyPhoneAsGuestTest" time="26.37" classname="com.freedommobile.userstories.BuyPhoneTest"/>
  <testcase name="buyPhoneAsGuestTest" time="27.81" classname="com.freedommobile.userstories.BuyPhoneTest"/>
  <testcase name="buyPhoneAsGuestTest" time="26.574" classname="com.freedommobile.userstories.BuyPhoneTest"/>
  <testcase name="buyPhoneAsGuestTest" time="22.509" classname="com.freedommobile.userstories.BuyPhoneTest"/>
  <testcase name="buyPhoneAsGuestTest" time="26.3" classname="com.freedommobile.userstories.BuyPhoneTest"/>
  <testcase name="buyPhoneAsGuestTest" time="25.955" classname="com.freedommobile.userstories.BuyPhoneTest"/>
  <testcase name="buyPhoneAsGuestTest" time="26.761" classname="com.freedommobile.userstories.BuyPhoneTest"/>
  <testcase name="buyPhoneAsGuestTest" time="22.947" classname="com.freedommobile.userstories.BuyPhoneTest"/>
  <testcase name="buyPhoneAsGuestTest" time="25.574" classname="com.freedommobile.userstories.BuyPhoneTest"/>
  <testcase name="buyPhoneAsGuestTest" time="25.901" classname="com.freedommobile.userstories.BuyPhoneTest"/>
  <testcase name="buyPhoneAsGuestTest" time="26.356" classname="com.freedommobile.userstories.BuyPhoneTest"/>
  <testcase name="buyPhoneAsGuestTest" time="23.803" classname="com.freedommobile.userstories.BuyPhoneTest"/>
  <testcase name="buyPhoneAsGuestTest" time="26.811" classname="com.freedommobile.userstories.BuyPhoneTest"/>
  <testcase name="buyPhoneAsGuestTest" time="29.063" classname="com.freedommobile.userstories.BuyPhoneTest"/>
  <testcase name="buyPhoneAsGuestTest" time="27.108" classname="com.freedommobile.userstories.BuyPhoneTest"/>
  <testcase name="buyPhoneAsGuestTest" time="50.025" classname="com.freedommobile.userstories.BuyPhoneTest"/>
  <testcase name="buyPhoneAsGuestTest" time="40.325" classname="com.freedommobile.userstories.BuyPhoneTest"/>
  <testcase name="buyPhoneAsGuestTest" time="26.591" classname="com.freedommobile.userstories.BuyPhoneTest"/>
  <testcase name="buyPhoneAsGuestTest" time="27.016" classname="com.freedommobile.userstories.BuyPhoneTest"/>
</testsuite> <!-- BuyPhoneTest-CH -->
