<?xml version="1.0" encoding="UTF-8"?>
<testng-results skipped="0" failed="0" ignored="0" total="4" passed="4">
  <reporter-output>
  </reporter-output>
  <suite name="BuyPhoneTestSuite" duration-ms="143380" started-at="2020-12-29T21:39:47 EST" finished-at="2020-12-29T21:42:11 EST">
    <groups>
    </groups>
    <test name="BuyPhoneTest-CH" duration-ms="143380" started-at="2020-12-29T21:39:47 EST" finished-at="2020-12-29T21:42:11 EST">
      <class name="com.freedommobile.userstories.BuyPhoneTest">
        <test-method status="PASS" signature="setUpDriver(org.testng.ITestContext, java.lang.reflect.Method, java.lang.String)[pri:0, instance:com.freedommobile.userstories.BuyPhoneTest@30457e14]" name="setUpDriver" is-config="true" duration-ms="6203" started-at="2020-12-29T21:39:48 EST" finished-at="2020-12-29T21:39:54 EST">
          <params>
            <param index="0">
              <value>
                <![CDATA[org.testng.TestRunner@7daa61f3]]>
              </value>
            </param>
            <param index="1">
              <value>
                <![CDATA[public void com.freedommobile.userstories.BuyPhoneTest.buyPhoneAsGuestTest(java.util.Map)]]>
              </value>
            </param>
            <param index="2">
              <value>
                <![CDATA[chrome]]>
              </value>
            </param>
          </params>
          <reporter-output>
          </reporter-output>
        </test-method> <!-- setUpDriver -->
        <test-method status="PASS" signature="buyPhoneAsGuestTest(java.util.Map)[pri:0, instance:com.freedommobile.userstories.BuyPhoneTest@30457e14]" name="buyPhoneAsGuestTest" duration-ms="20718" started-at="2020-12-29T21:39:55 EST" data-provider="csvDataReader" finished-at="2020-12-29T21:40:15 EST">
          <params>
            <param index="0">
              <value>
                <![CDATA[{deviceType=Phone, no=1, phoneStorageCapacity=, bigGigWorldSaverFreedomNationwideAddOn=, expectedTotalMonthly=$108.00, description=Buy a phone as a guest, unlimitedLongDistanceUsAddOn=, phoneColour=Silver, phoneSimCard=, visualVoicemailAddOn=, errMsgForExpectedTotalMonthly=Actual total monthly value is not equal to expected total monthly value, worldTravallerAddOn=, phonePlanCategory=, deviceModel=iPhone 12 Pro Max, expectedTotalToday=$0.00, errMsgForExpectedTotalToday=Actual total today value is not equal to expected total today value, deviceBrand=Apple, promotion=, phonePlan=}]]>
              </value>
            </param>
          </params>
          <reporter-output>
          </reporter-output>
        </test-method> <!-- buyPhoneAsGuestTest -->
        <test-method status="PASS" signature="tearDown()[pri:0, instance:com.freedommobile.userstories.BuyPhoneTest@30457e14]" name="tearDown" is-config="true" duration-ms="649" started-at="2020-12-29T21:40:21 EST" finished-at="2020-12-29T21:40:21 EST">
          <reporter-output>
          </reporter-output>
        </test-method> <!-- tearDown -->
        <test-method status="PASS" signature="setUpDriver(org.testng.ITestContext, java.lang.reflect.Method, java.lang.String)[pri:0, instance:com.freedommobile.userstories.BuyPhoneTest@30457e14]" name="setUpDriver" is-config="true" duration-ms="5173" started-at="2020-12-29T21:40:21 EST" finished-at="2020-12-29T21:40:26 EST">
          <params>
            <param index="0">
              <value>
                <![CDATA[org.testng.TestRunner@7daa61f3]]>
              </value>
            </param>
            <param index="1">
              <value>
                <![CDATA[public void com.freedommobile.userstories.BuyPhoneTest.buyPhoneAsGuestTest(java.util.Map)]]>
              </value>
            </param>
            <param index="2">
              <value>
                <![CDATA[chrome]]>
              </value>
            </param>
          </params>
          <reporter-output>
          </reporter-output>
        </test-method> <!-- setUpDriver -->
        <test-method status="PASS" signature="buyPhoneAsGuestTest(java.util.Map)[pri:0, instance:com.freedommobile.userstories.BuyPhoneTest@30457e14]" name="buyPhoneAsGuestTest" duration-ms="26094" started-at="2020-12-29T21:40:26 EST" data-provider="csvDataReader" finished-at="2020-12-29T21:40:53 EST">
          <params>
            <param index="0">
              <value>
                <![CDATA[{deviceType=Phone, no=2, phoneStorageCapacity=128GB, bigGigWorldSaverFreedomNationwideAddOn=TRUE, expectedTotalMonthly=$114.00, description=Buy a phone as a guest, unlimitedLongDistanceUsAddOn=TRUE, phoneColour=Apple Graphite, phoneSimCard=Physical Sim, visualVoicemailAddOn=TRUE, errMsgForExpectedTotalMonthly=Actual total monthly value is not equal to expected total monthly value, worldTravallerAddOn=TRUE, phonePlanCategory=Unlimited Plans, deviceModel=iPhone 12 Pro Max, expectedTotalToday=$387.00, errMsgForExpectedTotalToday=Actual total today value is not equal to expected total today value, deviceBrand=Apple, promotion=, phonePlan=plan-Big Gig Unlimited + Talk 20GB Prime}]]>
              </value>
            </param>
          </params>
          <reporter-output>
          </reporter-output>
        </test-method> <!-- buyPhoneAsGuestTest -->
        <test-method status="PASS" signature="tearDown()[pri:0, instance:com.freedommobile.userstories.BuyPhoneTest@30457e14]" name="tearDown" is-config="true" duration-ms="642" started-at="2020-12-29T21:40:58 EST" finished-at="2020-12-29T21:40:58 EST">
          <reporter-output>
          </reporter-output>
        </test-method> <!-- tearDown -->
        <test-method status="PASS" signature="setUpDriver(org.testng.ITestContext, java.lang.reflect.Method, java.lang.String)[pri:0, instance:com.freedommobile.userstories.BuyPhoneTest@30457e14]" name="setUpDriver" is-config="true" duration-ms="5171" started-at="2020-12-29T21:40:58 EST" finished-at="2020-12-29T21:41:04 EST">
          <params>
            <param index="0">
              <value>
                <![CDATA[org.testng.TestRunner@7daa61f3]]>
              </value>
            </param>
            <param index="1">
              <value>
                <![CDATA[public void com.freedommobile.userstories.BuyPhoneTest.buyPhoneAsGuestTest(java.util.Map)]]>
              </value>
            </param>
            <param index="2">
              <value>
                <![CDATA[chrome]]>
              </value>
            </param>
          </params>
          <reporter-output>
          </reporter-output>
        </test-method> <!-- setUpDriver -->
        <test-method status="PASS" signature="buyPhoneAsGuestTest(java.util.Map)[pri:0, instance:com.freedommobile.userstories.BuyPhoneTest@30457e14]" name="buyPhoneAsGuestTest" duration-ms="25958" started-at="2020-12-29T21:41:04 EST" data-provider="csvDataReader" finished-at="2020-12-29T21:41:30 EST">
          <params>
            <param index="0">
              <value>
                <![CDATA[{deviceType=Phone, no=3, phoneStorageCapacity=256GB, bigGigWorldSaverFreedomNationwideAddOn=TRUE, expectedTotalMonthly=$119.00, description=Buy a phone as a guest, unlimitedLongDistanceUsAddOn=TRUE, phoneColour=Apple Pacific Blue, phoneSimCard=eSim, visualVoicemailAddOn=TRUE, errMsgForExpectedTotalMonthly=Actual total monthly value is not equal to expected total monthly value, worldTravallerAddOn=TRUE, phonePlanCategory=Unlimited Plans, deviceModel=iPhone 12 Pro Max, expectedTotalToday=$401.00, errMsgForExpectedTotalToday=Actual total today value is not equal to expected total today value, deviceBrand=Apple, promotion=, phonePlan=plan-Big Gig Unlimited + Talk 20GB Prime}]]>
              </value>
            </param>
          </params>
          <reporter-output>
          </reporter-output>
        </test-method> <!-- buyPhoneAsGuestTest -->
        <test-method status="PASS" signature="tearDown()[pri:0, instance:com.freedommobile.userstories.BuyPhoneTest@30457e14]" name="tearDown" is-config="true" duration-ms="649" started-at="2020-12-29T21:41:35 EST" finished-at="2020-12-29T21:41:35 EST">
          <reporter-output>
          </reporter-output>
        </test-method> <!-- tearDown -->
        <test-method status="PASS" signature="setUpDriver(org.testng.ITestContext, java.lang.reflect.Method, java.lang.String)[pri:0, instance:com.freedommobile.userstories.BuyPhoneTest@30457e14]" name="setUpDriver" is-config="true" duration-ms="5172" started-at="2020-12-29T21:41:36 EST" finished-at="2020-12-29T21:41:41 EST">
          <params>
            <param index="0">
              <value>
                <![CDATA[org.testng.TestRunner@7daa61f3]]>
              </value>
            </param>
            <param index="1">
              <value>
                <![CDATA[public void com.freedommobile.userstories.BuyPhoneTest.buyPhoneAsGuestTest(java.util.Map)]]>
              </value>
            </param>
            <param index="2">
              <value>
                <![CDATA[chrome]]>
              </value>
            </param>
          </params>
          <reporter-output>
          </reporter-output>
        </test-method> <!-- setUpDriver -->
        <test-method status="PASS" signature="buyPhoneAsGuestTest(java.util.Map)[pri:0, instance:com.freedommobile.userstories.BuyPhoneTest@30457e14]" name="buyPhoneAsGuestTest" duration-ms="24231" started-at="2020-12-29T21:41:41 EST" data-provider="csvDataReader" finished-at="2020-12-29T21:42:05 EST">
          <params>
            <param index="0">
              <value>
                <![CDATA[{deviceType=Phone, no=4, phoneStorageCapacity=512GB, bigGigWorldSaverFreedomNationwideAddOn=TRUE, expectedTotalMonthly=$130.00, description=Buy a phone as a guest, unlimitedLongDistanceUsAddOn=TRUE, phoneColour=Gold, phoneSimCard=Physical Sim, visualVoicemailAddOn=TRUE, errMsgForExpectedTotalMonthly=Actual total monthly value is not equal to expected total monthly value, worldTravallerAddOn=TRUE, phonePlanCategory=Unlimited Plans, deviceModel=iPhone 12 Pro Max, expectedTotalToday=$394.00, errMsgForExpectedTotalToday=Actual total today value is not equal to expected total today value, deviceBrand=Apple, promotion=, phonePlan=plan-Big Gig Unlimited + Talk 20GB Prime}]]>
              </value>
            </param>
          </params>
          <reporter-output>
          </reporter-output>
        </test-method> <!-- buyPhoneAsGuestTest -->
        <test-method status="PASS" signature="tearDown()[pri:0, instance:com.freedommobile.userstories.BuyPhoneTest@30457e14]" name="tearDown" is-config="true" duration-ms="643" started-at="2020-12-29T21:42:10 EST" finished-at="2020-12-29T21:42:11 EST">
          <reporter-output>
          </reporter-output>
        </test-method> <!-- tearDown -->
      </class> <!-- com.freedommobile.userstories.BuyPhoneTest -->
    </test> <!-- BuyPhoneTest-CH -->
  </suite> <!-- BuyPhoneTestSuite -->
</testng-results>
